[2025-06-21T09:56:58.571+0000] {logging_mixin.py:149} WARNING - /home/airflow/.local/lib/python3.7/site-packages/airflow/utils/sqlalchemy.py:124 DeprecationWarning: The sql_alchemy_conn option in [core] has been moved to the sql_alchemy_conn option in [database] - the old setting has been used, but please update your config.
[2025-06-21T09:56:58.671+0000] {taskinstance.py:1103} INFO - Dependencies all met for dep_context=non-requeueable deps ti=<TaskInstance: loan_default_ml_pipeline.logistic_regression_train scheduled__2023-12-01T00:00:00+00:00 [queued]>
[2025-06-21T09:56:58.686+0000] {taskinstance.py:1103} INFO - Dependencies all met for dep_context=requeueable deps ti=<TaskInstance: loan_default_ml_pipeline.logistic_regression_train scheduled__2023-12-01T00:00:00+00:00 [queued]>
[2025-06-21T09:56:58.687+0000] {taskinstance.py:1308} INFO - Starting attempt 1 of 2
[2025-06-21T09:56:58.715+0000] {taskinstance.py:1327} INFO - Executing <Task(PythonOperator): logistic_regression_train> on 2023-12-01 00:00:00+00:00
[2025-06-21T09:56:58.729+0000] {standard_task_runner.py:57} INFO - Started process 2482 to run task
[2025-06-21T09:56:58.737+0000] {standard_task_runner.py:84} INFO - Running: ['airflow', 'tasks', 'run', 'loan_default_ml_pipeline', 'logistic_regression_train', 'scheduled__2023-12-01T00:00:00+00:00', '--job-id', '67', '--raw', '--subdir', 'DAGS_FOLDER/ml_pipeline_dag.py', '--cfg-path', '/tmp/tmp5pum_oet']
[2025-06-21T09:56:58.740+0000] {standard_task_runner.py:85} INFO - Job 67: Subtask logistic_regression_train
[2025-06-21T09:56:58.767+0000] {logging_mixin.py:149} WARNING - /home/airflow/.local/lib/python3.7/site-packages/airflow/settings.py:195 DeprecationWarning: The sql_alchemy_conn option in [core] has been moved to the sql_alchemy_conn option in [database] - the old setting has been used, but please update your config.
[2025-06-21T09:56:58.815+0000] {task_command.py:410} INFO - Running <TaskInstance: loan_default_ml_pipeline.logistic_regression_train scheduled__2023-12-01T00:00:00+00:00 [running]> on host dadfc5c3a85b
[2025-06-21T09:56:58.830+0000] {logging_mixin.py:149} WARNING - /home/airflow/.local/lib/python3.7/site-packages/airflow/utils/sqlalchemy.py:124 DeprecationWarning: The sql_alchemy_conn option in [core] has been moved to the sql_alchemy_conn option in [database] - the old setting has been used, but please update your config.
[2025-06-21T09:56:59.316+0000] {taskinstance.py:1547} INFO - Exporting env vars: AIRFLOW_CTX_DAG_OWNER='ml_team' AIRFLOW_CTX_DAG_ID='loan_default_ml_pipeline' AIRFLOW_CTX_TASK_ID='logistic_regression_train' AIRFLOW_CTX_EXECUTION_DATE='2023-12-01T00:00:00+00:00' AIRFLOW_CTX_TRY_NUMBER='1' AIRFLOW_CTX_DAG_RUN_ID='scheduled__2023-12-01T00:00:00+00:00'
[2025-06-21T09:56:59.425+0000] {logging_mixin.py:149} WARNING - 2025/06/21 09:56:59 INFO mlflow.tracking.fluent: Experiment with name 'loan_default_experiment' does not exist. Creating a new experiment.
[2025-06-21T09:56:59.500+0000] {logging_mixin.py:149} INFO - [DEBUG] execution_date: 2023-12-01
[2025-06-21T09:56:59.501+0000] {logging_mixin.py:149} INFO - [INFO] Loading training parts from /opt/airflow/datamart/gold/training_features...
[2025-06-21T09:57:00.120+0000] {logging_mixin.py:149} INFO - [INFO] Combined training data shape: (5958, 20)
[2025-06-21T09:57:00.143+0000] {logging_mixin.py:149} INFO - [INFO] Starting Optuna hyperparameter tuning...
[2025-06-21T09:57:01.554+0000] {logging_mixin.py:149} WARNING - /home/airflow/.local/lib/python3.7/site-packages/sklearn/linear_model/_logistic.py:818 ConvergenceWarning: lbfgs failed to converge (status=1):
STOP: TOTAL NO. of ITERATIONS REACHED LIMIT.

Increase the number of iterations (max_iter) or scale the data as shown in:
    https://scikit-learn.org/stable/modules/preprocessing.html
Please also refer to the documentation for alternative solver options:
    https://scikit-learn.org/stable/modules/linear_model.html#logistic-regression
[2025-06-21T09:57:01.821+0000] {logging_mixin.py:149} WARNING - /home/airflow/.local/lib/python3.7/site-packages/sklearn/linear_model/_logistic.py:818 ConvergenceWarning: lbfgs failed to converge (status=1):
STOP: TOTAL NO. of ITERATIONS REACHED LIMIT.

Increase the number of iterations (max_iter) or scale the data as shown in:
    https://scikit-learn.org/stable/modules/preprocessing.html
Please also refer to the documentation for alternative solver options:
    https://scikit-learn.org/stable/modules/linear_model.html#logistic-regression
[2025-06-21T09:57:01.942+0000] {logging_mixin.py:149} WARNING - /home/airflow/.local/lib/python3.7/site-packages/sklearn/linear_model/_logistic.py:818 ConvergenceWarning: lbfgs failed to converge (status=1):
STOP: TOTAL NO. of ITERATIONS REACHED LIMIT.

Increase the number of iterations (max_iter) or scale the data as shown in:
    https://scikit-learn.org/stable/modules/preprocessing.html
Please also refer to the documentation for alternative solver options:
    https://scikit-learn.org/stable/modules/linear_model.html#logistic-regression
[2025-06-21T09:57:02.059+0000] {logging_mixin.py:149} WARNING - /home/airflow/.local/lib/python3.7/site-packages/sklearn/linear_model/_logistic.py:818 ConvergenceWarning: lbfgs failed to converge (status=1):
STOP: TOTAL NO. of ITERATIONS REACHED LIMIT.

Increase the number of iterations (max_iter) or scale the data as shown in:
    https://scikit-learn.org/stable/modules/preprocessing.html
Please also refer to the documentation for alternative solver options:
    https://scikit-learn.org/stable/modules/linear_model.html#logistic-regression
[2025-06-21T09:57:02.869+0000] {logging_mixin.py:149} WARNING - /home/airflow/.local/lib/python3.7/site-packages/sklearn/linear_model/_logistic.py:818 ConvergenceWarning: lbfgs failed to converge (status=1):
STOP: TOTAL NO. of ITERATIONS REACHED LIMIT.

Increase the number of iterations (max_iter) or scale the data as shown in:
    https://scikit-learn.org/stable/modules/preprocessing.html
Please also refer to the documentation for alternative solver options:
    https://scikit-learn.org/stable/modules/linear_model.html#logistic-regression
[2025-06-21T09:57:02.989+0000] {logging_mixin.py:149} WARNING - /home/airflow/.local/lib/python3.7/site-packages/sklearn/linear_model/_logistic.py:818 ConvergenceWarning: lbfgs failed to converge (status=1):
STOP: TOTAL NO. of ITERATIONS REACHED LIMIT.

Increase the number of iterations (max_iter) or scale the data as shown in:
    https://scikit-learn.org/stable/modules/preprocessing.html
Please also refer to the documentation for alternative solver options:
    https://scikit-learn.org/stable/modules/linear_model.html#logistic-regression
[2025-06-21T09:57:03.431+0000] {logging_mixin.py:149} WARNING - /home/airflow/.local/lib/python3.7/site-packages/sklearn/linear_model/_logistic.py:818 ConvergenceWarning: lbfgs failed to converge (status=1):
STOP: TOTAL NO. of ITERATIONS REACHED LIMIT.

Increase the number of iterations (max_iter) or scale the data as shown in:
    https://scikit-learn.org/stable/modules/preprocessing.html
Please also refer to the documentation for alternative solver options:
    https://scikit-learn.org/stable/modules/linear_model.html#logistic-regression
[2025-06-21T09:57:03.945+0000] {logging_mixin.py:149} WARNING - /home/airflow/.local/lib/python3.7/site-packages/sklearn/linear_model/_logistic.py:818 ConvergenceWarning: lbfgs failed to converge (status=1):
STOP: TOTAL NO. of ITERATIONS REACHED LIMIT.

Increase the number of iterations (max_iter) or scale the data as shown in:
    https://scikit-learn.org/stable/modules/preprocessing.html
Please also refer to the documentation for alternative solver options:
    https://scikit-learn.org/stable/modules/linear_model.html#logistic-regression
[2025-06-21T09:57:03.958+0000] {logging_mixin.py:149} INFO - [INFO] Final F1 Score: 0.5034
[2025-06-21T09:57:04.221+0000] {logging_mixin.py:149} WARNING - 2025/06/21 09:57:04 WARNING mlflow.utils.git_utils: Failed to import Git (the Git executable is probably not on your PATH), so Git SHA is not available. Error: Failed to initialize: Bad git executable.
The git executable must be specified in one of the following ways:
    - be included in your $PATH
    - be set via $GIT_PYTHON_GIT_EXECUTABLE
    - explicitly set via git.refresh(<full-path-to-git-executable>)

All git commands will error until this is rectified.

This initial message can be silenced or aggravated in the future by setting the
$GIT_PYTHON_REFRESH environment variable. Use one of the following values:
    - quiet|q|silence|s|silent|none|n|0: for no message or exception
    - warn|w|warning|log|l|1: for a warning message (logging level CRITICAL, displayed by default)
    - error|e|exception|raise|r|2: for a raised exception

Example:
    export GIT_PYTHON_REFRESH=quiet
[2025-06-21T09:57:10.067+0000] {logging_mixin.py:149} WARNING - /home/airflow/.local/lib/python3.7/site-packages/_distutils_hack/__init__.py:33 UserWarning: Setuptools is replacing distutils.
[2025-06-21T09:57:10.331+0000] {logging_mixin.py:149} INFO - [INFO] Training complete and artifacts saved for logistic_regression @ 2023_12_01
[2025-06-21T09:57:10.335+0000] {python.py:183} INFO - Done. Returned value was: None
[2025-06-21T09:57:10.349+0000] {taskinstance.py:1350} INFO - Marking task as SUCCESS. dag_id=loan_default_ml_pipeline, task_id=logistic_regression_train, execution_date=20231201T000000, start_date=20250621T095658, end_date=20250621T095710
[2025-06-21T09:57:10.444+0000] {local_task_job_runner.py:225} INFO - Task exited with return code 0
[2025-06-21T09:57:10.478+0000] {taskinstance.py:2651} INFO - 0 downstream tasks scheduled from follow-on schedule check
